<?xml version="1.0" encoding="UTF-8"?>
<!-- Generated by org.testng.reporters.JUnitXMLReporter -->
<testsuite hostname="INLN50946732A" name="Test" tests="6" failures="0" timestamp="14 Jan 2019 08:56:55 GMT" time="145.646" errors="0">
  <testcase name="Login" time="64.037" classname="testcases.trialCNG"/>
  <testcase name="CNG_Tile_click" time="0.85" classname="testcases.trialCNG"/>
  <testcase name="Visual_Filters" time="27.851" classname="testcases.trialCNG"/>
  <testcase name="Views_Selection" time="10.442" classname="testcases.trialCNG"/>
  <testcase name="Object_Detail_Page" time="24.451" classname="testcases.trialCNG"/>
  <testcase name="Logout" time="17.996" classname="testcases.trialCNG"/>
</testsuite> <!-- Test -->
