<?xml version="1.0" encoding="UTF-8"?>
<!-- Generated by org.testng.reporters.JUnitXMLReporter -->
<testsuite hostname="INLN50946732A" ignored="0" name="Default test" tests="5" failures="0" timestamp="27 Nov 2018 04:21:51 GMT" time="126.73" errors="0">
  <testcase name="Login" time="56.281" classname="testcases.trialCNG"/>
  <testcase name="CNG_Tile_click" time="0.68" classname="testcases.trialCNG"/>
  <testcase name="Visual_Filters" time="31.944" classname="testcases.trialCNG"/>
  <testcase name="Views_Selection" time="10.276" classname="testcases.trialCNG"/>
  <testcase name="Object_Detail_Page" time="27.498" classname="testcases.trialCNG"/>
</testsuite> <!-- Default test -->
